nov 05, 2014 9:54:54 PM org.apache.catalina.core.AprLifecycleListener init
Información: La biblioteca nativa de Apache Tomcat basada en ARP que permite un rendimiento óptimo en entornos de desarrollo no ha sido hallada en java.library.path: /home/daniel/local/opt/subversion-1.7.9/lib::/usr/java/packages/lib/amd64:/usr/lib64:/lib64:/lib:/usr/lib
nov 05, 2014 9:54:54 PM org.apache.coyote.AbstractProtocol init
Información: Initializing ProtocolHandler ["http-bio-8080"]
nov 05, 2014 9:54:54 PM org.apache.coyote.AbstractProtocol init
Información: Initializing ProtocolHandler ["ajp-bio-8009"]
nov 05, 2014 9:54:54 PM org.apache.catalina.startup.Catalina load
Información: Initialization processed in 618 ms
nov 05, 2014 9:54:54 PM org.apache.catalina.core.StandardService startInternal
Información: Arrancando servicio Catalina
nov 05, 2014 9:54:54 PM org.apache.catalina.core.StandardEngine startInternal
Información: Starting Servlet Engine: Apache Tomcat/7.0.52
nov 05, 2014 9:54:54 PM org.apache.catalina.startup.HostConfig deployWAR
Información: Despliegue del archivo /home/daniel/local/proys/personal/foto/git/apache-tomcat-7.0.52/webapps/inspector-0.1.0.war de la aplicación web
nov 05, 2014 9:54:54 PM org.apache.catalina.loader.WebappClassLoader validateJarFile
Información: validateJarFile(/home/daniel/local/proys/personal/foto/git/apache-tomcat-7.0.52/webapps/inspector-0.1.0/WEB-INF/lib/javax.el-3.0.1-b05.jar) - jar not loaded. See Servlet Spec 3.0, section 10.7.2. Offending class: javax/el/Expression.class
nov 05, 2014 9:54:54 PM org.apache.catalina.loader.WebappClassLoader validateJarFile
Información: validateJarFile(/home/daniel/local/proys/personal/foto/git/apache-tomcat-7.0.52/webapps/inspector-0.1.0/WEB-INF/lib/javax.el-api-2.2.4.jar) - jar not loaded. See Servlet Spec 3.0, section 10.7.2. Offending class: javax/el/Expression.class
nov 05, 2014 9:54:54 PM org.apache.catalina.loader.WebappClassLoader validateJarFile
Información: validateJarFile(/home/daniel/local/proys/personal/foto/git/apache-tomcat-7.0.52/webapps/inspector-0.1.0/WEB-INF/lib/javax.servlet-api-3.1.0.jar) - jar not loaded. See Servlet Spec 3.0, section 10.7.2. Offending class: javax/servlet/Servlet.class
nov 05, 2014 9:54:59 PM org.apache.catalina.startup.HostConfig deployDirectory
Información: Despliegue del directorio /home/daniel/local/proys/personal/foto/git/apache-tomcat-7.0.52/webapps/host-manager de la aplicación web
nov 05, 2014 9:54:59 PM org.apache.catalina.startup.HostConfig deployDirectory
Información: Despliegue del directorio /home/daniel/local/proys/personal/foto/git/apache-tomcat-7.0.52/webapps/docs de la aplicación web
nov 05, 2014 9:54:59 PM org.apache.catalina.startup.HostConfig deployDirectory
Información: Despliegue del directorio /home/daniel/local/proys/personal/foto/git/apache-tomcat-7.0.52/webapps/manager de la aplicación web
nov 05, 2014 9:54:59 PM org.apache.catalina.startup.HostConfig deployDirectory
Información: Despliegue del directorio /home/daniel/local/proys/personal/foto/git/apache-tomcat-7.0.52/webapps/ROOT de la aplicación web
nov 05, 2014 9:54:59 PM org.apache.catalina.startup.HostConfig deployDirectory
Información: Despliegue del directorio /home/daniel/local/proys/personal/foto/git/apache-tomcat-7.0.52/webapps/examples de la aplicación web
nov 05, 2014 9:54:59 PM org.apache.coyote.AbstractProtocol start
Información: Starting ProtocolHandler ["http-bio-8080"]
nov 05, 2014 9:54:59 PM org.apache.coyote.AbstractProtocol start
Información: Starting ProtocolHandler ["ajp-bio-8009"]
nov 05, 2014 9:54:59 PM org.apache.catalina.startup.Catalina start
Información: Server startup in 5069 ms
nov 05, 2014 9:55:10 PM org.apache.jasper.runtime.JspFactoryImpl internalGetPageContext
Grave: Exception initializing page context
java.lang.NoClassDefFoundError: javax/el/StaticFieldELResolver
	at org.apache.jasper.runtime.JspFactoryImpl.internalGetPageContext(JspFactoryImpl.java:172)
	at org.apache.jasper.runtime.JspFactoryImpl.getPageContext(JspFactoryImpl.java:123)
	at org.apache.jsp.index_jsp._jspService(index_jsp.java:52)
	at org.apache.jasper.runtime.HttpJspBase.service(HttpJspBase.java:70)
	at javax.servlet.http.HttpServlet.service(HttpServlet.java:727)
	at org.apache.jasper.servlet.JspServletWrapper.service(JspServletWrapper.java:432)
	at org.apache.jasper.servlet.JspServlet.serviceJspFile(JspServlet.java:390)
	at org.apache.jasper.servlet.JspServlet.service(JspServlet.java:334)
	at javax.servlet.http.HttpServlet.service(HttpServlet.java:727)
	at org.apache.catalina.core.ApplicationFilterChain.internalDoFilter(ApplicationFilterChain.java:303)
	at org.apache.catalina.core.ApplicationFilterChain.doFilter(ApplicationFilterChain.java:208)
	at org.apache.tomcat.websocket.server.WsFilter.doFilter(WsFilter.java:52)
	at org.apache.catalina.core.ApplicationFilterChain.internalDoFilter(ApplicationFilterChain.java:241)
	at org.apache.catalina.core.ApplicationFilterChain.doFilter(ApplicationFilterChain.java:208)
	at org.apache.catalina.core.StandardWrapperValve.invoke(StandardWrapperValve.java:220)
	at org.apache.catalina.core.StandardContextValve.invoke(StandardContextValve.java:122)
	at org.apache.catalina.core.StandardHostValve.invoke(StandardHostValve.java:170)
	at org.apache.catalina.valves.ErrorReportValve.invoke(ErrorReportValve.java:98)
	at org.apache.catalina.valves.AccessLogValve.invoke(AccessLogValve.java:950)
	at org.apache.catalina.core.StandardEngineValve.invoke(StandardEngineValve.java:116)
	at org.apache.catalina.connector.CoyoteAdapter.service(CoyoteAdapter.java:408)
	at org.apache.coyote.http11.AbstractHttp11Processor.process(AbstractHttp11Processor.java:1040)
	at org.apache.coyote.AbstractProtocol$AbstractConnectionHandler.process(AbstractProtocol.java:607)
	at org.apache.tomcat.util.net.JIoEndpoint$SocketProcessor.run(JIoEndpoint.java:313)
	at java.util.concurrent.ThreadPoolExecutor.runWorker(ThreadPoolExecutor.java:1110)
	at java.util.concurrent.ThreadPoolExecutor$Worker.run(ThreadPoolExecutor.java:603)
	at java.lang.Thread.run(Thread.java:722)
Caused by: java.lang.ClassNotFoundException: javax.el.StaticFieldELResolver
	at org.apache.catalina.loader.WebappClassLoader.loadClass(WebappClassLoader.java:1718)
	at org.apache.catalina.loader.WebappClassLoader.loadClass(WebappClassLoader.java:1569)
	... 27 more

nov 05, 2014 9:55:34 PM org.apache.coyote.AbstractProtocol pause
Información: Pausing ProtocolHandler ["http-bio-8080"]
nov 05, 2014 9:55:34 PM org.apache.coyote.AbstractProtocol pause
Información: Pausing ProtocolHandler ["ajp-bio-8009"]
nov 05, 2014 9:55:34 PM org.apache.catalina.core.StandardService stopInternal
Información: Parando servicio Catalina
nov 05, 2014 9:55:34 PM org.apache.coyote.AbstractProtocol stop
Información: Stopping ProtocolHandler ["http-bio-8080"]
nov 05, 2014 9:55:34 PM org.apache.coyote.AbstractProtocol stop
Información: Stopping ProtocolHandler ["ajp-bio-8009"]
nov 05, 2014 9:55:34 PM org.apache.coyote.AbstractProtocol destroy
Información: Destroying ProtocolHandler ["http-bio-8080"]
nov 05, 2014 9:55:34 PM org.apache.coyote.AbstractProtocol destroy
Información: Destroying ProtocolHandler ["ajp-bio-8009"]
nov 05, 2014 9:55:48 PM org.apache.catalina.core.AprLifecycleListener init
Información: La biblioteca nativa de Apache Tomcat basada en ARP que permite un rendimiento óptimo en entornos de desarrollo no ha sido hallada en java.library.path: /home/daniel/local/opt/subversion-1.7.9/lib::/usr/java/packages/lib/amd64:/usr/lib64:/lib64:/lib:/usr/lib
nov 05, 2014 9:55:48 PM org.apache.coyote.AbstractProtocol init
Información: Initializing ProtocolHandler ["http-bio-8080"]
nov 05, 2014 9:55:48 PM org.apache.coyote.AbstractProtocol init
Información: Initializing ProtocolHandler ["ajp-bio-8009"]
nov 05, 2014 9:55:48 PM org.apache.catalina.startup.Catalina load
Información: Initialization processed in 512 ms
nov 05, 2014 9:55:48 PM org.apache.catalina.core.StandardService startInternal
Información: Arrancando servicio Catalina
nov 05, 2014 9:55:48 PM org.apache.catalina.core.StandardEngine startInternal
Información: Starting Servlet Engine: Apache Tomcat/7.0.52
nov 05, 2014 9:55:48 PM org.apache.catalina.startup.HostConfig deployDirectory
Información: Despliegue del directorio /home/daniel/local/proys/personal/foto/git/apache-tomcat-7.0.52/webapps/host-manager de la aplicación web
nov 05, 2014 9:55:48 PM org.apache.catalina.startup.HostConfig deployDirectory
Información: Despliegue del directorio /home/daniel/local/proys/personal/foto/git/apache-tomcat-7.0.52/webapps/docs de la aplicación web
nov 05, 2014 9:55:49 PM org.apache.catalina.startup.HostConfig deployDirectory
Información: Despliegue del directorio /home/daniel/local/proys/personal/foto/git/apache-tomcat-7.0.52/webapps/manager de la aplicación web
nov 05, 2014 9:55:49 PM org.apache.catalina.startup.HostConfig deployDirectory
Información: Despliegue del directorio /home/daniel/local/proys/personal/foto/git/apache-tomcat-7.0.52/webapps/ROOT de la aplicación web
nov 05, 2014 9:55:49 PM org.apache.catalina.startup.HostConfig deployDirectory
Información: Despliegue del directorio /home/daniel/local/proys/personal/foto/git/apache-tomcat-7.0.52/webapps/examples de la aplicación web
nov 05, 2014 9:55:49 PM org.apache.coyote.AbstractProtocol start
Información: Starting ProtocolHandler ["http-bio-8080"]
nov 05, 2014 9:55:49 PM org.apache.coyote.AbstractProtocol start
Información: Starting ProtocolHandler ["ajp-bio-8009"]
nov 05, 2014 9:55:49 PM org.apache.catalina.startup.Catalina start
Información: Server startup in 1006 ms
nov 05, 2014 9:56:07 PM org.apache.coyote.AbstractProtocol pause
Información: Pausing ProtocolHandler ["http-bio-8080"]
nov 05, 2014 9:56:07 PM org.apache.coyote.AbstractProtocol pause
Información: Pausing ProtocolHandler ["ajp-bio-8009"]
nov 05, 2014 9:56:07 PM org.apache.catalina.core.StandardService stopInternal
Información: Parando servicio Catalina
nov 05, 2014 9:56:07 PM org.apache.coyote.AbstractProtocol stop
Información: Stopping ProtocolHandler ["http-bio-8080"]
nov 05, 2014 9:56:07 PM org.apache.coyote.AbstractProtocol stop
Información: Stopping ProtocolHandler ["ajp-bio-8009"]
nov 05, 2014 9:56:07 PM org.apache.coyote.AbstractProtocol destroy
Información: Destroying ProtocolHandler ["http-bio-8080"]
nov 05, 2014 9:56:07 PM org.apache.coyote.AbstractProtocol destroy
Información: Destroying ProtocolHandler ["ajp-bio-8009"]
nov 05, 2014 9:58:27 PM org.apache.catalina.core.AprLifecycleListener init
Información: La biblioteca nativa de Apache Tomcat basada en ARP que permite un rendimiento óptimo en entornos de desarrollo no ha sido hallada en java.library.path: /home/daniel/local/opt/subversion-1.7.9/lib::/usr/java/packages/lib/amd64:/usr/lib64:/lib64:/lib:/usr/lib
nov 05, 2014 9:58:28 PM org.apache.coyote.AbstractProtocol init
Información: Initializing ProtocolHandler ["http-bio-8080"]
nov 05, 2014 9:58:28 PM org.apache.coyote.AbstractProtocol init
Información: Initializing ProtocolHandler ["ajp-bio-8009"]
nov 05, 2014 9:58:28 PM org.apache.catalina.startup.Catalina load
Información: Initialization processed in 505 ms
nov 05, 2014 9:58:28 PM org.apache.catalina.core.StandardService startInternal
Información: Arrancando servicio Catalina
nov 05, 2014 9:58:28 PM org.apache.catalina.core.StandardEngine startInternal
Información: Starting Servlet Engine: Apache Tomcat/7.0.52
nov 05, 2014 9:58:28 PM org.apache.catalina.startup.HostConfig deployWAR
Información: Despliegue del archivo /home/daniel/local/proys/personal/foto/git/apache-tomcat-7.0.52/webapps/inspector-0.1.0.war de la aplicación web
nov 05, 2014 9:58:28 PM org.apache.catalina.loader.WebappClassLoader validateJarFile
Información: validateJarFile(/home/daniel/local/proys/personal/foto/git/apache-tomcat-7.0.52/webapps/inspector-0.1.0/WEB-INF/lib/javax.el-3.0.1-b05.jar) - jar not loaded. See Servlet Spec 3.0, section 10.7.2. Offending class: javax/el/Expression.class
nov 05, 2014 9:58:28 PM org.apache.catalina.loader.WebappClassLoader validateJarFile
Información: validateJarFile(/home/daniel/local/proys/personal/foto/git/apache-tomcat-7.0.52/webapps/inspector-0.1.0/WEB-INF/lib/javax.el-api-2.2.4.jar) - jar not loaded. See Servlet Spec 3.0, section 10.7.2. Offending class: javax/el/Expression.class
nov 05, 2014 9:58:28 PM org.apache.catalina.loader.WebappClassLoader validateJarFile
Información: validateJarFile(/home/daniel/local/proys/personal/foto/git/apache-tomcat-7.0.52/webapps/inspector-0.1.0/WEB-INF/lib/javax.servlet-api-3.1.0.jar) - jar not loaded. See Servlet Spec 3.0, section 10.7.2. Offending class: javax/servlet/Servlet.class
nov 05, 2014 9:58:51 PM org.apache.catalina.util.SessionIdGenerator createSecureRandom
Información: Creation of SecureRandom instance for session ID generation using [SHA1PRNG] took [18.650] milliseconds.
nov 05, 2014 9:58:51 PM org.apache.catalina.startup.HostConfig deployDirectory
Información: Despliegue del directorio /home/daniel/local/proys/personal/foto/git/apache-tomcat-7.0.52/webapps/host-manager de la aplicación web
nov 05, 2014 9:58:51 PM org.apache.catalina.startup.HostConfig deployDirectory
Información: Despliegue del directorio /home/daniel/local/proys/personal/foto/git/apache-tomcat-7.0.52/webapps/docs de la aplicación web
nov 05, 2014 9:58:51 PM org.apache.catalina.startup.HostConfig deployDirectory
Información: Despliegue del directorio /home/daniel/local/proys/personal/foto/git/apache-tomcat-7.0.52/webapps/manager de la aplicación web
nov 05, 2014 9:58:51 PM org.apache.catalina.startup.HostConfig deployDirectory
Información: Despliegue del directorio /home/daniel/local/proys/personal/foto/git/apache-tomcat-7.0.52/webapps/ROOT de la aplicación web
nov 05, 2014 9:58:51 PM org.apache.catalina.startup.HostConfig deployDirectory
Información: Despliegue del directorio /home/daniel/local/proys/personal/foto/git/apache-tomcat-7.0.52/webapps/examples de la aplicación web
nov 05, 2014 9:58:51 PM org.apache.coyote.AbstractProtocol start
Información: Starting ProtocolHandler ["http-bio-8080"]
nov 05, 2014 9:58:51 PM org.apache.coyote.AbstractProtocol start
Información: Starting ProtocolHandler ["ajp-bio-8009"]
nov 05, 2014 9:58:51 PM org.apache.catalina.startup.Catalina start
Información: Server startup in 23536 ms
nov 05, 2014 10:00:07 PM org.apache.jasper.runtime.JspFactoryImpl internalGetPageContext
Grave: Exception initializing page context
java.lang.NoClassDefFoundError: javax/el/StaticFieldELResolver
	at org.apache.jasper.runtime.JspFactoryImpl.internalGetPageContext(JspFactoryImpl.java:172)
	at org.apache.jasper.runtime.JspFactoryImpl.getPageContext(JspFactoryImpl.java:123)
	at org.apache.jsp.index_jsp._jspService(index_jsp.java:52)
	at org.apache.jasper.runtime.HttpJspBase.service(HttpJspBase.java:70)
	at javax.servlet.http.HttpServlet.service(HttpServlet.java:727)
	at org.apache.jasper.servlet.JspServletWrapper.service(JspServletWrapper.java:432)
	at org.apache.jasper.servlet.JspServlet.serviceJspFile(JspServlet.java:390)
	at org.apache.jasper.servlet.JspServlet.service(JspServlet.java:334)
	at javax.servlet.http.HttpServlet.service(HttpServlet.java:727)
	at org.apache.catalina.core.ApplicationFilterChain.internalDoFilter(ApplicationFilterChain.java:303)
	at org.apache.catalina.core.ApplicationFilterChain.doFilter(ApplicationFilterChain.java:208)
	at org.apache.tomcat.websocket.server.WsFilter.doFilter(WsFilter.java:52)
	at org.apache.catalina.core.ApplicationFilterChain.internalDoFilter(ApplicationFilterChain.java:241)
	at org.apache.catalina.core.ApplicationFilterChain.doFilter(ApplicationFilterChain.java:208)
	at org.apache.catalina.core.StandardWrapperValve.invoke(StandardWrapperValve.java:220)
	at org.apache.catalina.core.StandardContextValve.invoke(StandardContextValve.java:122)
	at org.apache.catalina.core.StandardHostValve.invoke(StandardHostValve.java:170)
	at org.apache.catalina.valves.ErrorReportValve.invoke(ErrorReportValve.java:98)
	at org.apache.catalina.valves.AccessLogValve.invoke(AccessLogValve.java:950)
	at org.apache.catalina.core.StandardEngineValve.invoke(StandardEngineValve.java:116)
	at org.apache.catalina.connector.CoyoteAdapter.service(CoyoteAdapter.java:408)
	at org.apache.coyote.http11.AbstractHttp11Processor.process(AbstractHttp11Processor.java:1040)
	at org.apache.coyote.AbstractProtocol$AbstractConnectionHandler.process(AbstractProtocol.java:607)
	at org.apache.tomcat.util.net.JIoEndpoint$SocketProcessor.run(JIoEndpoint.java:313)
	at java.util.concurrent.ThreadPoolExecutor.runWorker(ThreadPoolExecutor.java:1110)
	at java.util.concurrent.ThreadPoolExecutor$Worker.run(ThreadPoolExecutor.java:603)
	at java.lang.Thread.run(Thread.java:722)
Caused by: java.lang.ClassNotFoundException: javax.el.StaticFieldELResolver
	at org.apache.catalina.loader.WebappClassLoader.loadClass(WebappClassLoader.java:1718)
	at org.apache.catalina.loader.WebappClassLoader.loadClass(WebappClassLoader.java:1569)
	... 27 more

nov 05, 2014 10:05:05 PM org.apache.coyote.AbstractProtocol pause
Información: Pausing ProtocolHandler ["http-bio-8080"]
nov 05, 2014 10:05:05 PM org.apache.coyote.AbstractProtocol pause
Información: Pausing ProtocolHandler ["ajp-bio-8009"]
nov 05, 2014 10:05:05 PM org.apache.catalina.core.StandardService stopInternal
Información: Parando servicio Catalina
nov 05, 2014 10:05:05 PM org.apache.coyote.AbstractProtocol stop
Información: Stopping ProtocolHandler ["http-bio-8080"]
nov 05, 2014 10:05:05 PM org.apache.coyote.AbstractProtocol stop
Información: Stopping ProtocolHandler ["ajp-bio-8009"]
nov 05, 2014 10:05:05 PM org.apache.coyote.AbstractProtocol destroy
Información: Destroying ProtocolHandler ["http-bio-8080"]
nov 05, 2014 10:05:05 PM org.apache.coyote.AbstractProtocol destroy
Información: Destroying ProtocolHandler ["ajp-bio-8009"]
nov 05, 2014 10:31:33 PM org.apache.catalina.core.AprLifecycleListener init
Información: La biblioteca nativa de Apache Tomcat basada en ARP que permite un rendimiento óptimo en entornos de desarrollo no ha sido hallada en java.library.path: /home/daniel/local/opt/subversion-1.7.9/lib:/home/daniel/local/opt/subversion-1.7.9/lib::/usr/java/packages/lib/amd64:/usr/lib64:/lib64:/lib:/usr/lib
nov 05, 2014 10:31:33 PM org.apache.coyote.AbstractProtocol init
Información: Initializing ProtocolHandler ["http-bio-8080"]
nov 05, 2014 10:31:33 PM org.apache.coyote.AbstractProtocol init
Información: Initializing ProtocolHandler ["ajp-bio-8009"]
nov 05, 2014 10:31:33 PM org.apache.catalina.startup.Catalina load
Información: Initialization processed in 507 ms
nov 05, 2014 10:31:33 PM org.apache.catalina.core.StandardService startInternal
Información: Arrancando servicio Catalina
nov 05, 2014 10:31:33 PM org.apache.catalina.core.StandardEngine startInternal
Información: Starting Servlet Engine: Apache Tomcat/7.0.52
nov 05, 2014 10:31:33 PM org.apache.catalina.startup.HostConfig deployWAR
Información: Despliegue del archivo /home/daniel/local/proys/personal/foto/git/apache-tomcat-7.0.52/webapps/inspector-0.1.0.war de la aplicación web
nov 05, 2014 10:31:33 PM org.apache.catalina.loader.WebappClassLoader validateJarFile
Información: validateJarFile(/home/daniel/local/proys/personal/foto/git/apache-tomcat-7.0.52/webapps/inspector-0.1.0/WEB-INF/lib/javax.el-api-2.2.4.jar) - jar not loaded. See Servlet Spec 3.0, section 10.7.2. Offending class: javax/el/Expression.class
nov 05, 2014 10:31:33 PM org.apache.catalina.loader.WebappClassLoader validateJarFile
Información: validateJarFile(/home/daniel/local/proys/personal/foto/git/apache-tomcat-7.0.52/webapps/inspector-0.1.0/WEB-INF/lib/javax.servlet-api-3.0.1.jar) - jar not loaded. See Servlet Spec 3.0, section 10.7.2. Offending class: javax/servlet/Servlet.class
nov 05, 2014 10:31:37 PM org.apache.catalina.startup.HostConfig deployDirectory
Información: Despliegue del directorio /home/daniel/local/proys/personal/foto/git/apache-tomcat-7.0.52/webapps/host-manager de la aplicación web
nov 05, 2014 10:31:37 PM org.apache.catalina.startup.HostConfig deployDirectory
Información: Despliegue del directorio /home/daniel/local/proys/personal/foto/git/apache-tomcat-7.0.52/webapps/docs de la aplicación web
nov 05, 2014 10:31:37 PM org.apache.catalina.startup.HostConfig deployDirectory
Información: Despliegue del directorio /home/daniel/local/proys/personal/foto/git/apache-tomcat-7.0.52/webapps/manager de la aplicación web
nov 05, 2014 10:31:37 PM org.apache.catalina.startup.HostConfig deployDirectory
Información: Despliegue del directorio /home/daniel/local/proys/personal/foto/git/apache-tomcat-7.0.52/webapps/ROOT de la aplicación web
nov 05, 2014 10:31:37 PM org.apache.catalina.startup.HostConfig deployDirectory
Información: Despliegue del directorio /home/daniel/local/proys/personal/foto/git/apache-tomcat-7.0.52/webapps/examples de la aplicación web
nov 05, 2014 10:31:37 PM org.apache.coyote.AbstractProtocol start
Información: Starting ProtocolHandler ["http-bio-8080"]
nov 05, 2014 10:31:37 PM org.apache.coyote.AbstractProtocol start
Información: Starting ProtocolHandler ["ajp-bio-8009"]
nov 05, 2014 10:31:37 PM org.apache.catalina.startup.Catalina start
Información: Server startup in 4321 ms
nov 05, 2014 10:33:35 PM org.apache.coyote.AbstractProtocol pause
Información: Pausing ProtocolHandler ["http-bio-8080"]
nov 05, 2014 10:33:36 PM org.apache.coyote.AbstractProtocol pause
Información: Pausing ProtocolHandler ["ajp-bio-8009"]
nov 05, 2014 10:33:36 PM org.apache.catalina.core.StandardService stopInternal
Información: Parando servicio Catalina
nov 05, 2014 10:33:36 PM org.apache.coyote.AbstractProtocol stop
Información: Stopping ProtocolHandler ["http-bio-8080"]
nov 05, 2014 10:33:36 PM org.apache.coyote.AbstractProtocol stop
Información: Stopping ProtocolHandler ["ajp-bio-8009"]
nov 05, 2014 10:33:36 PM org.apache.coyote.AbstractProtocol destroy
Información: Destroying ProtocolHandler ["http-bio-8080"]
nov 05, 2014 10:33:36 PM org.apache.coyote.AbstractProtocol destroy
Información: Destroying ProtocolHandler ["ajp-bio-8009"]
nov 05, 2014 10:37:32 PM org.apache.catalina.core.AprLifecycleListener init
Información: La biblioteca nativa de Apache Tomcat basada en ARP que permite un rendimiento óptimo en entornos de desarrollo no ha sido hallada en java.library.path: /home/daniel/local/opt/subversion-1.7.9/lib:/home/daniel/local/opt/subversion-1.7.9/lib::/usr/java/packages/lib/amd64:/usr/lib64:/lib64:/lib:/usr/lib
nov 05, 2014 10:37:32 PM org.apache.coyote.AbstractProtocol init
Información: Initializing ProtocolHandler ["http-bio-8080"]
nov 05, 2014 10:37:32 PM org.apache.coyote.AbstractProtocol init
Información: Initializing ProtocolHandler ["ajp-bio-8009"]
nov 05, 2014 10:37:32 PM org.apache.catalina.startup.Catalina load
Información: Initialization processed in 500 ms
nov 05, 2014 10:37:32 PM org.apache.catalina.core.StandardService startInternal
Información: Arrancando servicio Catalina
nov 05, 2014 10:37:32 PM org.apache.catalina.core.StandardEngine startInternal
Información: Starting Servlet Engine: Apache Tomcat/7.0.52
nov 05, 2014 10:37:32 PM org.apache.catalina.startup.HostConfig deployWAR
Información: Despliegue del archivo /home/daniel/local/proys/personal/foto/git/apache-tomcat-7.0.52/webapps/inspector-0.1.0.war de la aplicación web
nov 05, 2014 10:37:33 PM org.apache.catalina.loader.WebappClassLoader validateJarFile
Información: validateJarFile(/home/daniel/local/proys/personal/foto/git/apache-tomcat-7.0.52/webapps/inspector-0.1.0/WEB-INF/lib/javax.el-api-2.2.4.jar) - jar not loaded. See Servlet Spec 3.0, section 10.7.2. Offending class: javax/el/Expression.class
nov 05, 2014 10:37:36 PM org.apache.catalina.startup.HostConfig deployDirectory
Información: Despliegue del directorio /home/daniel/local/proys/personal/foto/git/apache-tomcat-7.0.52/webapps/host-manager de la aplicación web
nov 05, 2014 10:37:36 PM org.apache.catalina.startup.HostConfig deployDirectory
Información: Despliegue del directorio /home/daniel/local/proys/personal/foto/git/apache-tomcat-7.0.52/webapps/docs de la aplicación web
nov 05, 2014 10:37:36 PM org.apache.catalina.startup.HostConfig deployDirectory
Información: Despliegue del directorio /home/daniel/local/proys/personal/foto/git/apache-tomcat-7.0.52/webapps/manager de la aplicación web
nov 05, 2014 10:37:36 PM org.apache.catalina.startup.HostConfig deployDirectory
Información: Despliegue del directorio /home/daniel/local/proys/personal/foto/git/apache-tomcat-7.0.52/webapps/ROOT de la aplicación web
nov 05, 2014 10:37:36 PM org.apache.catalina.startup.HostConfig deployDirectory
Información: Despliegue del directorio /home/daniel/local/proys/personal/foto/git/apache-tomcat-7.0.52/webapps/examples de la aplicación web
nov 05, 2014 10:37:36 PM org.apache.coyote.AbstractProtocol start
Información: Starting ProtocolHandler ["http-bio-8080"]
nov 05, 2014 10:37:36 PM org.apache.coyote.AbstractProtocol start
Información: Starting ProtocolHandler ["ajp-bio-8009"]
nov 05, 2014 10:37:36 PM org.apache.catalina.startup.Catalina start
Información: Server startup in 4218 ms
nov 05, 2014 10:38:16 PM org.apache.coyote.AbstractProtocol pause
Información: Pausing ProtocolHandler ["http-bio-8080"]
nov 05, 2014 10:38:16 PM org.apache.coyote.AbstractProtocol pause
Información: Pausing ProtocolHandler ["ajp-bio-8009"]
nov 05, 2014 10:38:16 PM org.apache.catalina.core.StandardService stopInternal
Información: Parando servicio Catalina
nov 05, 2014 10:38:16 PM org.apache.coyote.AbstractProtocol stop
Información: Stopping ProtocolHandler ["http-bio-8080"]
nov 05, 2014 10:38:16 PM org.apache.coyote.AbstractProtocol stop
Información: Stopping ProtocolHandler ["ajp-bio-8009"]
nov 05, 2014 10:38:17 PM org.apache.coyote.AbstractProtocol destroy
Información: Destroying ProtocolHandler ["http-bio-8080"]
nov 05, 2014 10:38:17 PM org.apache.coyote.AbstractProtocol destroy
Información: Destroying ProtocolHandler ["ajp-bio-8009"]
nov 05, 2014 10:40:19 PM org.apache.catalina.core.AprLifecycleListener init
Información: La biblioteca nativa de Apache Tomcat basada en ARP que permite un rendimiento óptimo en entornos de desarrollo no ha sido hallada en java.library.path: /home/daniel/local/opt/subversion-1.7.9/lib:/home/daniel/local/opt/subversion-1.7.9/lib::/usr/java/packages/lib/amd64:/usr/lib64:/lib64:/lib:/usr/lib
nov 05, 2014 10:40:19 PM org.apache.coyote.AbstractProtocol init
Información: Initializing ProtocolHandler ["http-bio-8080"]
nov 05, 2014 10:40:19 PM org.apache.coyote.AbstractProtocol init
Información: Initializing ProtocolHandler ["ajp-bio-8009"]
nov 05, 2014 10:40:19 PM org.apache.catalina.startup.Catalina load
Información: Initialization processed in 525 ms
nov 05, 2014 10:40:19 PM org.apache.catalina.core.StandardService startInternal
Información: Arrancando servicio Catalina
nov 05, 2014 10:40:19 PM org.apache.catalina.core.StandardEngine startInternal
Información: Starting Servlet Engine: Apache Tomcat/7.0.52
nov 05, 2014 10:40:19 PM org.apache.catalina.startup.HostConfig deployWAR
Información: Despliegue del archivo /home/daniel/local/proys/personal/foto/git/apache-tomcat-7.0.52/webapps/inspector-0.1.0.war de la aplicación web
nov 05, 2014 10:40:23 PM org.apache.catalina.startup.HostConfig deployDirectory
Información: Despliegue del directorio /home/daniel/local/proys/personal/foto/git/apache-tomcat-7.0.52/webapps/host-manager de la aplicación web
nov 05, 2014 10:40:23 PM org.apache.catalina.startup.HostConfig deployDirectory
Información: Despliegue del directorio /home/daniel/local/proys/personal/foto/git/apache-tomcat-7.0.52/webapps/docs de la aplicación web
nov 05, 2014 10:40:23 PM org.apache.catalina.startup.HostConfig deployDirectory
Información: Despliegue del directorio /home/daniel/local/proys/personal/foto/git/apache-tomcat-7.0.52/webapps/manager de la aplicación web
nov 05, 2014 10:40:23 PM org.apache.catalina.startup.HostConfig deployDirectory
Información: Despliegue del directorio /home/daniel/local/proys/personal/foto/git/apache-tomcat-7.0.52/webapps/ROOT de la aplicación web
nov 05, 2014 10:40:23 PM org.apache.catalina.startup.HostConfig deployDirectory
Información: Despliegue del directorio /home/daniel/local/proys/personal/foto/git/apache-tomcat-7.0.52/webapps/examples de la aplicación web
nov 05, 2014 10:40:24 PM org.apache.coyote.AbstractProtocol start
Información: Starting ProtocolHandler ["http-bio-8080"]
nov 05, 2014 10:40:24 PM org.apache.coyote.AbstractProtocol start
Información: Starting ProtocolHandler ["ajp-bio-8009"]
nov 05, 2014 10:40:24 PM org.apache.catalina.startup.Catalina start
Información: Server startup in 4444 ms
nov 05, 2014 10:44:26 PM org.apache.coyote.AbstractProtocol pause
Información: Pausing ProtocolHandler ["http-bio-8080"]
nov 05, 2014 10:44:26 PM org.apache.coyote.AbstractProtocol pause
Información: Pausing ProtocolHandler ["ajp-bio-8009"]
nov 05, 2014 10:44:26 PM org.apache.catalina.core.StandardService stopInternal
Información: Parando servicio Catalina
nov 05, 2014 10:44:26 PM org.apache.coyote.AbstractProtocol stop
Información: Stopping ProtocolHandler ["http-bio-8080"]
nov 05, 2014 10:44:26 PM org.apache.coyote.AbstractProtocol stop
Información: Stopping ProtocolHandler ["ajp-bio-8009"]
nov 05, 2014 10:44:26 PM org.apache.coyote.AbstractProtocol destroy
Información: Destroying ProtocolHandler ["http-bio-8080"]
nov 05, 2014 10:44:26 PM org.apache.coyote.AbstractProtocol destroy
Información: Destroying ProtocolHandler ["ajp-bio-8009"]
nov 05, 2014 10:47:35 PM org.apache.catalina.core.AprLifecycleListener init
Información: La biblioteca nativa de Apache Tomcat basada en ARP que permite un rendimiento óptimo en entornos de desarrollo no ha sido hallada en java.library.path: /home/daniel/local/opt/subversion-1.7.9/lib:/home/daniel/local/opt/subversion-1.7.9/lib::/usr/java/packages/lib/amd64:/usr/lib64:/lib64:/lib:/usr/lib
nov 05, 2014 10:47:36 PM org.apache.coyote.AbstractProtocol init
Información: Initializing ProtocolHandler ["http-bio-8080"]
nov 05, 2014 10:47:36 PM org.apache.coyote.AbstractProtocol init
Información: Initializing ProtocolHandler ["ajp-bio-8009"]
nov 05, 2014 10:47:36 PM org.apache.catalina.startup.Catalina load
Información: Initialization processed in 514 ms
nov 05, 2014 10:47:36 PM org.apache.catalina.core.StandardService startInternal
Información: Arrancando servicio Catalina
nov 05, 2014 10:47:36 PM org.apache.catalina.core.StandardEngine startInternal
Información: Starting Servlet Engine: Apache Tomcat/7.0.52
nov 05, 2014 10:47:36 PM org.apache.catalina.startup.HostConfig deployWAR
Información: Despliegue del archivo /home/daniel/local/proys/personal/foto/git/apache-tomcat-7.0.52/webapps/inspector-0.1.0.war de la aplicación web
nov 05, 2014 10:47:40 PM org.apache.catalina.startup.HostConfig deployDirectory
Información: Despliegue del directorio /home/daniel/local/proys/personal/foto/git/apache-tomcat-7.0.52/webapps/host-manager de la aplicación web
nov 05, 2014 10:47:40 PM org.apache.catalina.startup.HostConfig deployDirectory
Información: Despliegue del directorio /home/daniel/local/proys/personal/foto/git/apache-tomcat-7.0.52/webapps/docs de la aplicación web
nov 05, 2014 10:47:40 PM org.apache.catalina.startup.HostConfig deployDirectory
Información: Despliegue del directorio /home/daniel/local/proys/personal/foto/git/apache-tomcat-7.0.52/webapps/manager de la aplicación web
nov 05, 2014 10:47:40 PM org.apache.catalina.startup.HostConfig deployDirectory
Información: Despliegue del directorio /home/daniel/local/proys/personal/foto/git/apache-tomcat-7.0.52/webapps/ROOT de la aplicación web
nov 05, 2014 10:47:40 PM org.apache.catalina.startup.HostConfig deployDirectory
Información: Despliegue del directorio /home/daniel/local/proys/personal/foto/git/apache-tomcat-7.0.52/webapps/examples de la aplicación web
nov 05, 2014 10:47:40 PM org.apache.coyote.AbstractProtocol start
Información: Starting ProtocolHandler ["http-bio-8080"]
nov 05, 2014 10:47:40 PM org.apache.coyote.AbstractProtocol start
Información: Starting ProtocolHandler ["ajp-bio-8009"]
nov 05, 2014 10:47:40 PM org.apache.catalina.startup.Catalina start
Información: Server startup in 4365 ms
