2014-04-25 22:38:22,036 INFO [main] a.d.f.i.Main [StartupInfoLogger.java:52] Starting Main on monnia with PID 18366 (/home/daniel/local/proys/personal/foto/git/inspector/bin started by daniel)
2014-04-25 22:38:24,431 DEBUG [main] a.d.f.i.Main [StartupInfoLogger.java:55] Running with Spring Boot v1.0.1.RELEASE, Spring v4.0.3.RELEASE
2014-04-25 22:38:24,432 DEBUG [main] o.s.b.SpringApplication [SpringApplication.java:563] Loading source class ar.daf.foto.inspector.config.CoreConfig
2014-04-25 22:38:24,698 INFO [main] o.s.b.c.e.AnnotationConfigEmbeddedWebApplicationContext [AbstractApplicationContext.java:513] Refreshing org.springframework.boot.context.embedded.AnnotationConfigEmbeddedWebApplicationContext@56165397: startup date [Fri Apr 25 22:38:24 ART 2014]; root of context hierarchy
2014-04-25 22:38:24,701 DEBUG [main] o.s.b.c.e.AnnotationConfigEmbeddedWebApplicationContext [AbstractApplicationContext.java:543] Bean factory for org.springframework.boot.context.embedded.AnnotationConfigEmbeddedWebApplicationContext@56165397: org.springframework.beans.factory.support.DefaultListableBeanFactory@694f21f3: defining beans [org.springframework.context.annotation.internalConfigurationAnnotationProcessor,org.springframework.context.annotation.internalAutowiredAnnotationProcessor,org.springframework.context.annotation.internalRequiredAnnotationProcessor,org.springframework.context.annotation.internalCommonAnnotationProcessor,org.springframework.context.annotation.internalPersistenceAnnotationProcessor,coreConfig]; root of factory hierarchy
2014-04-25 22:38:25,648 INFO [main] o.h.v.i.u.Version [Version.java:27] HV000001: Hibernate Validator 5.1.0.Final
2014-04-25 22:38:55,883 INFO [main] o.s.c.s.PostProcessorRegistrationDelegate$BeanPostProcessorChecker [PostProcessorRegistrationDelegate.java:309] Bean 'coreConfig' of type [class ar.daf.foto.inspector.config.CoreConfig$$EnhancerBySpringCGLIB$$2653750a] is not eligible for getting processed by all BeanPostProcessors (for example: not eligible for auto-proxying)
2014-04-25 22:38:55,971 INFO [main] o.s.c.s.PostProcessorRegistrationDelegate$BeanPostProcessorChecker [PostProcessorRegistrationDelegate.java:309] Bean 'org.springframework.transaction.annotation.ProxyTransactionManagementConfiguration' of type [class org.springframework.transaction.annotation.ProxyTransactionManagementConfiguration$$EnhancerBySpringCGLIB$$f89edad7] is not eligible for getting processed by all BeanPostProcessors (for example: not eligible for auto-proxying)
2014-04-25 22:38:55,994 INFO [main] o.s.c.s.PostProcessorRegistrationDelegate$BeanPostProcessorChecker [PostProcessorRegistrationDelegate.java:309] Bean 'transactionAttributeSource' of type [class org.springframework.transaction.annotation.AnnotationTransactionAttributeSource] is not eligible for getting processed by all BeanPostProcessors (for example: not eligible for auto-proxying)
2014-04-25 22:38:56,006 INFO [main] o.s.c.s.PostProcessorRegistrationDelegate$BeanPostProcessorChecker [PostProcessorRegistrationDelegate.java:309] Bean 'transactionInterceptor' of type [class org.springframework.transaction.interceptor.TransactionInterceptor] is not eligible for getting processed by all BeanPostProcessors (for example: not eligible for auto-proxying)
2014-04-25 22:38:56,012 INFO [main] o.s.c.s.PostProcessorRegistrationDelegate$BeanPostProcessorChecker [PostProcessorRegistrationDelegate.java:309] Bean 'org.springframework.transaction.config.internalTransactionAdvisor' of type [class org.springframework.transaction.interceptor.BeanFactoryTransactionAttributeSourceAdvisor] is not eligible for getting processed by all BeanPostProcessors (for example: not eligible for auto-proxying)
2014-04-25 22:38:56,018 DEBUG [main] o.s.b.c.e.AnnotationConfigEmbeddedWebApplicationContext [AbstractApplicationContext.java:649] Unable to locate MessageSource with name 'messageSource': using default [org.springframework.context.support.DelegatingMessageSource@4b71188e]
2014-04-25 22:38:56,018 DEBUG [main] o.s.b.c.e.AnnotationConfigEmbeddedWebApplicationContext [AbstractApplicationContext.java:666] Using ApplicationEventMulticaster [org.springframework.context.event.SimpleApplicationEventMulticaster@6e033953]
2014-04-25 22:38:56,371 DEBUG [main] o.s.b.c.e.t.TomcatEmbeddedServletContainerFactory [AbstractEmbeddedServletContainerFactory.java:96] Code archive: /home/daniel/.gradle/caches/modules-2/files-2.1/org.springframework.boot/spring-boot/1.0.1.RELEASE/c2156bf828dbab62811b73f9844abdabaa98680a/spring-boot-1.0.1.RELEASE.jar
2014-04-25 22:38:58,725 DEBUG [main] o.s.b.c.e.t.TomcatEmbeddedServletContainerFactory [AbstractEmbeddedServletContainerFactory.java:83] Code archive: /home/daniel/.gradle/caches/modules-2/files-2.1/org.springframework.boot/spring-boot/1.0.1.RELEASE/c2156bf828dbab62811b73f9844abdabaa98680a/spring-boot-1.0.1.RELEASE.jar
2014-04-25 22:38:58,726 DEBUG [main] o.s.b.c.e.t.TomcatEmbeddedServletContainerFactory [AbstractEmbeddedServletContainerFactory.java:70] None of the document roots [src/main/webapp, public, static] point to a directory and will be ignored.
2014-04-25 22:38:58,770 INFO [main] o.s.b.c.e.t.TomcatEmbeddedServletContainerFactory [TomcatEmbeddedServletContainerFactory.java:144] Server initialized with port: 9080
2014-04-25 22:38:59,000 INFO [main] o.a.c.h.Http11NioProtocol [DirectJDKLog.java:183] Initializing ProtocolHandler ["http-nio-0.0.0.0-9080"]
2014-04-25 22:38:59,009 INFO [main] o.a.c.c.StandardService [DirectJDKLog.java:183] Starting service Tomcat
2014-04-25 22:38:59,009 INFO [main] o.a.c.c.StandardEngine [DirectJDKLog.java:183] Starting Servlet Engine: Apache Tomcat/7.0.52
2014-04-25 22:38:59,155 INFO [localhost-startStop-1] o.a.c.c.C.[.[.[/fotos] [DirectJDKLog.java:183] Initializing Spring embedded WebApplicationContext
2014-04-25 22:38:59,156 INFO [localhost-startStop-1] o.s.w.c.ContextLoader [EmbeddedWebApplicationContext.java:337] Root WebApplicationContext: initialization completed in 34458 ms
2014-04-25 22:38:59,699 INFO [localhost-startStop-1] o.s.b.c.e.ServletRegistrationBean [ServletRegistrationBean.java:161] Mapping servlet: 'dispatcherServlet' to [/]
2014-04-25 22:38:59,702 INFO [localhost-startStop-1] o.s.b.c.e.FilterRegistrationBean [FilterRegistrationBean.java:262] Mapping filter: 'hiddenHttpMethodFilter' to: [/*]
2014-04-25 22:38:59,878 INFO [main] o.a.c.h.Http11NioProtocol [DirectJDKLog.java:183] Starting ProtocolHandler ["http-nio-0.0.0.0-9080"]
2014-04-25 22:38:59,889 INFO [main] o.a.t.u.n.NioSelectorPool [DirectJDKLog.java:183] Using a shared selector for servlet write/read
2014-04-25 22:38:59,904 INFO [main] o.a.c.h.Http11NioProtocol [DirectJDKLog.java:183] Stopping ProtocolHandler ["http-nio-0.0.0.0-9080"]
2014-04-25 22:39:00,468 INFO [main] o.h.a.c.Version [JavaReflectionManager.java:66] HCANN000001: Hibernate Commons Annotations {4.0.4.Final}
2014-04-25 22:39:00,475 INFO [main] o.h.Version [Version.java:54] HHH000412: Hibernate Core {4.3.5.Final}
2014-04-25 22:39:00,477 INFO [main] o.h.c.Environment [Environment.java:239] HHH000206: hibernate.properties not found
2014-04-25 22:39:00,479 INFO [main] o.h.c.Environment [Environment.java:346] HHH000021: Bytecode provider name : javassist
2014-04-25 22:39:00,688 INFO [main] o.h.d.Dialect [Dialect.java:145] HHH000400: Using dialect: org.hibernate.dialect.HSQLDialect
2014-04-25 22:39:00,892 INFO [main] o.h.e.t.i.TransactionFactoryInitiator [TransactionFactoryInitiator.java:62] HHH000399: Using default transaction strategy (direct JDBC transactions)
2014-04-25 22:39:00,897 INFO [main] o.h.h.i.a.ASTQueryTranslatorFactory [ASTQueryTranslatorFactory.java:47] HHH000397: Using ASTQueryTranslatorFactory
2014-04-25 22:39:01,227 INFO [main] o.h.t.h.SchemaExport [SchemaExport.java:343] HHH000227: Running hbm2ddl schema export
2014-04-25 22:39:01,231 ERROR [main] o.h.t.h.SchemaExport [SchemaExport.java:425] HHH000389: Unsuccessful: alter table ALBUM drop constraint FK_m9c8fa66u7e6iy2g1x43ouj52
2014-04-25 22:39:01,231 ERROR [main] o.h.t.h.SchemaExport [SchemaExport.java:426] usuario no tiene privilegios suficientes o objeto no encontrado: PUBLIC.ALBUM
2014-04-25 22:39:01,232 ERROR [main] o.h.t.h.SchemaExport [SchemaExport.java:425] HHH000389: Unsuccessful: alter table IMAGEN drop constraint FK_10xys0pvqrojhfa3qanmyndqw
2014-04-25 22:39:01,232 ERROR [main] o.h.t.h.SchemaExport [SchemaExport.java:426] usuario no tiene privilegios suficientes o objeto no encontrado: PUBLIC.IMAGEN
2014-04-25 22:39:01,241 INFO [main] o.h.t.h.SchemaExport [SchemaExport.java:405] HHH000230: Schema export complete
2014-04-25 22:39:08,559 INFO [main] a.d.f.i.s.DirectoryScannerImpl [DirectoryScannerImpl.java:56] HOME_DIR='/home/daniel'
2014-04-25 22:39:08,561 INFO [main] a.d.f.i.s.DirectoryScannerImpl [DirectoryScannerImpl.java:57] CONFIG_DIR='.inspectorAlbum'
2014-04-25 22:39:08,562 INFO [main] a.d.f.i.s.DirectoryScannerImpl [DirectoryScannerImpl.java:58] CONFIG_FILE='inspectorConfig'
2014-04-25 22:39:08,564 WARN [main] a.d.f.i.s.DirectoryScannerImpl [DirectoryScannerImpl.java:70] Archivo de configuracion no existe.
2014-04-25 22:39:08,565 DEBUG [main] a.d.f.i.s.DirectoryScannerImpl [DirectoryScannerImpl.java:73] Persistiendo configuracion cargda.
2014-04-25 22:39:08,670 DEBUG [main] a.d.f.i.s.DirectoryScannerImpl [DirectoryScannerImpl.java:177] Guardando archivo de configuracion '/home/daniel/.inspectorAlbum/inspectorConfig'
2014-04-25 22:39:08,671 INFO [main] a.d.f.i.s.DirectoryScannerImpl [DirectoryScannerImpl.java:76] Configuracion inicial cargada.
2014-04-25 22:39:08,693 INFO [main] o.s.o.h.HibernateTransactionManager [HibernateTransactionManager.java:339] Using DataSource [org.apache.commons.dbcp2.BasicDataSource@4dd3abf6] of Hibernate SessionFactory for HibernateTransactionManager
2014-04-25 22:39:08,742 INFO [main] o.c.s.SpringWebBootstrap [PluginLifeCycle.java:117] Configuring property vfs.refresh_period=1 from properties
2014-04-25 22:39:08,752 INFO [main] o.c.p.PluginManager [ServiceLoaderDiscovery.java:57] Loaded plugin Plugin[type=CRaSHShellFactory,interface=ShellFactory]
2014-04-25 22:39:08,758 INFO [main] o.c.p.PluginManager [ServiceLoaderDiscovery.java:57] Loaded plugin Plugin[type=ProcessorIOHandler,interface=TermIOHandler]
2014-04-25 22:39:08,760 INFO [main] o.c.p.PluginManager [ServiceLoaderDiscovery.java:57] Loaded plugin Plugin[type=JaasAuthenticationPlugin,interface=AuthenticationPlugin]
2014-04-25 22:39:08,761 INFO [main] o.c.p.PluginManager [ServiceLoaderDiscovery.java:57] Loaded plugin Plugin[type=SimpleAuthenticationPlugin,interface=AuthenticationPlugin]
2014-04-25 22:39:08,763 INFO [main] o.c.p.PluginManager [ServiceLoaderDiscovery.java:57] Loaded plugin Plugin[type=SSHPlugin,interface=SSHPlugin]
2014-04-25 22:39:08,766 INFO [main] o.c.p.PluginManager [ServiceLoaderDiscovery.java:57] Loaded plugin Plugin[type=SSHInlinePlugin,interface=CommandPlugin]
2014-04-25 22:39:08,768 INFO [main] o.c.p.PluginManager [ServiceLoaderDiscovery.java:57] Loaded plugin Plugin[type=KeyAuthenticationPlugin,interface=KeyAuthenticationPlugin]
2014-04-25 22:39:08,770 INFO [main] o.c.s.SpringWebBootstrap [PluginLifeCycle.java:117] Configuring property auth.simple.username=daniel from properties
2014-04-25 22:39:08,770 INFO [main] o.c.s.SpringWebBootstrap [PluginLifeCycle.java:117] Configuring property auth.simple.password=daniel from properties
2014-04-25 22:39:08,771 INFO [main] o.c.s.SpringWebBootstrap [PluginLifeCycle.java:117] Configuring property ssh.port=2000 from properties
2014-04-25 22:39:08,771 INFO [main] o.c.s.SpringWebBootstrap [PluginLifeCycle.java:117] Configuring property ssh.idle-timeout=300000 from properties
2014-04-25 22:39:08,771 INFO [main] o.c.s.SpringWebBootstrap [PluginLifeCycle.java:117] Configuring property ssh.auth-timeout=300000 from properties
2014-04-25 22:39:08,771 INFO [main] o.c.s.SpringWebBootstrap [PluginLifeCycle.java:117] Configuring property auth=simple from properties
2014-04-25 22:39:08,792 INFO [main] o.c.p.PluginManager [PluginManager.java:84] Initialized plugin Plugin[type=CRaSHShellFactory,interface=ShellFactory]
2014-04-25 22:39:08,792 INFO [main] o.c.p.PluginManager [PluginManager.java:84] Initialized plugin Plugin[type=ProcessorIOHandler,interface=TermIOHandler]
2014-04-25 22:39:08,792 INFO [main] o.c.p.PluginManager [PluginManager.java:84] Initialized plugin Plugin[type=JaasAuthenticationPlugin,interface=AuthenticationPlugin]
2014-04-25 22:39:08,792 INFO [main] o.c.p.PluginManager [PluginManager.java:84] Initialized plugin Plugin[type=SimpleAuthenticationPlugin,interface=AuthenticationPlugin]
2014-04-25 22:39:08,802 INFO [main] o.c.p.PluginManager [PluginManager.java:84] Initialized plugin Plugin[type=KeyAuthenticationPlugin,interface=KeyAuthenticationPlugin]
2014-04-25 22:39:08,803 INFO [main] o.c.s.SSHPlugin [SSHPlugin.java:148] Booting SSHD
2014-04-25 22:39:08,966 INFO [main] o.a.s.c.u.SecurityUtils [SecurityUtils.java:94] Trying to register BouncyCastle as a JCE provider
2014-04-25 22:39:09,337 INFO [main] o.a.s.c.u.SecurityUtils [SecurityUtils.java:98] Registration succeeded
2014-04-25 22:39:09,385 INFO [main] o.c.s.t.SSHLifeCycle [SSHLifeCycle.java:191] About to start CRaSSHD
2014-04-25 22:39:09,460 INFO [main] o.c.s.t.SSHLifeCycle [SSHLifeCycle.java:194] CRaSSHD started on port 2000
2014-04-25 22:39:09,460 INFO [main] o.c.p.PluginManager [PluginManager.java:84] Initialized plugin Plugin[type=SSHPlugin,interface=SSHPlugin]
2014-04-25 22:39:09,460 INFO [main] o.c.p.PluginManager [PluginManager.java:84] Initialized plugin Plugin[type=SSHInlinePlugin,interface=CommandPlugin]
2014-04-25 22:39:09,513 INFO [main] o.s.w.s.h.SimpleUrlHandlerMapping [AbstractUrlHandlerMapping.java:315] Mapped URL path [/**/favicon.ico] onto handler of type [class org.springframework.web.servlet.resource.ResourceHttpRequestHandler]
2014-04-25 22:39:09,637 INFO [main] o.s.w.s.m.m.a.RequestMappingHandlerMapping [AbstractHandlerMethodMapping.java:197] Mapped "{[/album/{param}],methods=[GET],params=[],headers=[],consumes=[],produces=[text/plain],custom=[]}" onto public java.lang.String ar.daf.foto.inspector.rest.AlbumRestCtrl.metodo(java.lang.String)
2014-04-25 22:39:09,659 INFO [main] o.s.w.s.h.SimpleUrlHandlerMapping [AbstractUrlHandlerMapping.java:315] Mapped URL path [/**] onto handler of type [class org.springframework.web.servlet.resource.ResourceHttpRequestHandler]
2014-04-25 22:39:09,660 INFO [main] o.s.w.s.h.SimpleUrlHandlerMapping [AbstractUrlHandlerMapping.java:315] Mapped URL path [/webjars/**] onto handler of type [class org.springframework.web.servlet.resource.ResourceHttpRequestHandler]
2014-04-25 22:39:09,818 DEBUG [main] o.s.b.c.e.AnnotationConfigEmbeddedWebApplicationContext [AbstractApplicationContext.java:700] Unable to locate LifecycleProcessor with name 'lifecycleProcessor': using default [org.springframework.context.support.DefaultLifecycleProcessor@3f0223e1]
2014-04-25 22:39:09,820 DEBUG [main] o.s.b.a.l.AutoConfigurationReportLoggingInitializer [AutoConfigurationReportLoggingInitializer.java:106] 


=========================
AUTO-CONFIGURATION REPORT
=========================


Positive matches:
-----------------

   PropertyPlaceholderAutoConfiguration#propertySourcesPlaceholderConfigurer
      - @ConditionalOnMissingBean (types: org.springframework.context.support.PropertySourcesPlaceholderConfigurer; SearchStrategy: current) found no beans (OnBeanCondition)

   DataSourceTransactionManagerAutoConfiguration
      - @ConditionalOnClass classes found: org.springframework.jdbc.core.JdbcTemplate,org.springframework.transaction.PlatformTransactionManager (OnClassCondition)

   DataSourceTransactionManagerAutoConfiguration.TransactionManagementConfiguration
      - @ConditionalOnMissingBean (types: org.springframework.transaction.annotation.AbstractTransactionManagementConfiguration; SearchStrategy: all) found no beans (OnBeanCondition)

   DispatcherServletAutoConfiguration
      - found web application StandardServletEnvironment (OnWebApplicationCondition)
      - @ConditionalOnClass classes found: org.springframework.web.servlet.DispatcherServlet (OnClassCondition)

   DispatcherServletAutoConfiguration.DispatcherServletConfiguration
      - no ServletRegistrationBean found (DispatcherServletAutoConfiguration.DefaultDispatcherServletCondition)
      - @ConditionalOnClass classes found: javax.servlet.ServletRegistration (OnClassCondition)

   EmbeddedServletContainerAutoConfiguration
      - found web application StandardServletEnvironment (OnWebApplicationCondition)

   EmbeddedServletContainerAutoConfiguration.EmbeddedTomcat
      - @ConditionalOnClass classes found: javax.servlet.Servlet,org.apache.catalina.startup.Tomcat (OnClassCondition)
      - @ConditionalOnMissingBean (types: org.springframework.boot.context.embedded.EmbeddedServletContainerFactory; SearchStrategy: current) found no beans (OnBeanCondition)

   HttpMessageConvertersAutoConfiguration
      - @ConditionalOnClass classes found: org.springframework.http.converter.HttpMessageConverter (OnClassCondition)

   HttpMessageConvertersAutoConfiguration#messageConverters
      - @ConditionalOnMissingBean (types: org.springframework.boot.autoconfigure.web.HttpMessageConverters; SearchStrategy: all) found no beans (OnBeanCondition)

   HttpMessageConvertersAutoConfiguration.ObjectMappers
      - @ConditionalOnClass classes found: com.fasterxml.jackson.databind.ObjectMapper (OnClassCondition)

   HttpMessageConvertersAutoConfiguration.ObjectMappers#jacksonObjectMapper
      - @ConditionalOnMissingBean (types: com.fasterxml.jackson.databind.ObjectMapper; SearchStrategy: all) found no beans (OnBeanCondition)

   HttpMessageConvertersAutoConfiguration.ObjectMappers#mappingJackson2HttpMessageConverter
      - @ConditionalOnMissingBean (types: org.springframework.http.converter.json.MappingJackson2HttpMessageConverter; SearchStrategy: all) found no beans (OnBeanCondition)

   ServerPropertiesAutoConfiguration
      - found web application StandardServletEnvironment (OnWebApplicationCondition)

   ServerPropertiesAutoConfiguration#serverProperties
      - @ConditionalOnMissingBean (types: org.springframework.boot.autoconfigure.web.ServerProperties; SearchStrategy: current) found no beans (OnBeanCondition)

   WebMvcAutoConfiguration
      - found web application StandardServletEnvironment (OnWebApplicationCondition)
      - @ConditionalOnClass classes found: javax.servlet.Servlet,org.springframework.web.servlet.DispatcherServlet,org.springframework.web.servlet.config.annotation.WebMvcConfigurerAdapter (OnClassCondition)
      - @ConditionalOnMissingBean (types: org.springframework.web.servlet.config.annotation.WebMvcConfigurationSupport; SearchStrategy: all) found no beans (OnBeanCondition)

   WebMvcAutoConfiguration#hiddenHttpMethodFilter
      - @ConditionalOnMissingBean (types: org.springframework.web.filter.HiddenHttpMethodFilter; SearchStrategy: all) found no beans (OnBeanCondition)

   WebMvcAutoConfiguration.WebMvcAutoConfigurationAdapter#defaultViewResolver
      - @ConditionalOnMissingBean (types: org.springframework.web.servlet.view.InternalResourceViewResolver; SearchStrategy: all) found no beans (OnBeanCondition)

   WebMvcAutoConfiguration.WebMvcAutoConfigurationAdapter#requestContextListener
      - @ConditionalOnMissingBean (types: org.springframework.web.context.request.RequestContextListener; SearchStrategy: all) found no beans (OnBeanCondition)

   WebMvcAutoConfiguration.WebMvcAutoConfigurationAdapter#viewResolver
      - @ConditionalOnBean (types: org.springframework.web.servlet.ViewResolver; SearchStrategy: all) found the following [defaultViewResolver] @ConditionalOnMissingBean (names: viewResolver; SearchStrategy: all) found no beans (OnBeanCondition)


Negative matches:
-----------------

   RabbitAutoConfiguration
      - required @ConditionalOnClass classes not found: org.springframework.amqp.rabbit.core.RabbitTemplate,com.rabbitmq.client.Channel (OnClassCondition)

   BatchAutoConfiguration
      - required @ConditionalOnClass classes not found: org.springframework.batch.core.launch.JobLauncher (OnClassCondition)

   MongoRepositoriesAutoConfiguration
      - required @ConditionalOnClass classes not found: com.mongodb.Mongo,org.springframework.data.mongodb.repository.MongoRepository (OnClassCondition)

   DataSourceTransactionManagerAutoConfiguration#transactionManager
      - @ConditionalOnMissingBean (names: transactionManager; SearchStrategy: all) found the following [transactionManager] (OnBeanCondition)

   JmsTemplateAutoConfiguration
      - required @ConditionalOnClass classes not found: org.springframework.jms.core.JmsTemplate,javax.jms.ConnectionFactory (OnClassCondition)

   DeviceResolverAutoConfiguration
      - required @ConditionalOnClass classes not found: org.springframework.mobile.device.DeviceResolverHandlerInterceptor,org.springframework.mobile.device.DeviceHandlerMethodArgumentResolver (OnClassCondition)

   MongoAutoConfiguration
      - required @ConditionalOnClass classes not found: com.mongodb.Mongo (OnClassCondition)

   MongoTemplateAutoConfiguration
      - required @ConditionalOnClass classes not found: com.mongodb.Mongo,org.springframework.data.mongodb.core.MongoTemplate (OnClassCondition)

   ReactorAutoConfiguration
      - required @ConditionalOnClass classes not found: reactor.spring.context.config.EnableReactor (OnClassCondition)

   RedisAutoConfiguration
      - required @ConditionalOnClass classes not found: org.springframework.data.redis.connection.lettuce.LettuceConnection,org.springframework.data.redis.core.RedisOperations,com.lambdaworks.redis.RedisClient (OnClassCondition)

   FallbackWebSecurityAutoConfiguration
      - SpEL expression on org.springframework.boot.autoconfigure.security.FallbackWebSecurityAutoConfiguration: !${security.basic.enabled:true} (OnExpressionCondition)

   SecurityAutoConfiguration
      - required @ConditionalOnClass classes not found: org.springframework.security.authentication.AuthenticationManager (OnClassCondition)

   ThymeleafAutoConfiguration
      - required @ConditionalOnClass classes not found: org.thymeleaf.spring4.SpringTemplateEngine (OnClassCondition)

   EmbeddedServletContainerAutoConfiguration.EmbeddedJetty
      - required @ConditionalOnClass classes not found: org.eclipse.jetty.server.Server,org.eclipse.jetty.util.Loader (OnClassCondition)

   MultipartAutoConfiguration
      - @ConditionalOnClass classes found: javax.servlet.Servlet,org.springframework.web.multipart.support.StandardServletMultipartResolver (OnClassCondition)
      - @ConditionalOnBean (types: javax.servlet.MultipartConfigElement; SearchStrategy: all) found no beans (OnBeanCondition)

   WebMvcAutoConfiguration.WebMvcAutoConfigurationAdapter#beanNameViewResolver
      - @ConditionalOnBean (types: org.springframework.web.servlet.View; SearchStrategy: all) found no beans (OnBeanCondition)

   WebSocketAutoConfiguration
      - required @ConditionalOnClass classes not found: org.springframework.web.socket.WebSocketHandler,org.apache.tomcat.websocket.server.WsSci (OnClassCondition)



2014-04-25 22:39:09,831 INFO [main] o.a.c.h.Http11NioProtocol [DirectJDKLog.java:183] Starting ProtocolHandler ["http-nio-0.0.0.0-9080"]
2014-04-25 22:39:09,831 INFO [main] o.a.t.u.n.NioSelectorPool [DirectJDKLog.java:183] Using a shared selector for servlet write/read
2014-04-25 22:39:09,832 INFO [main] o.s.b.c.e.t.TomcatEmbeddedServletContainer [TomcatEmbeddedServletContainer.java:139] Tomcat started on port(s): 9080/http
2014-04-25 22:39:09,835 INFO [main] a.d.f.i.Main [StartupInfoLogger.java:61] Started Main in 48.07 seconds (JVM running for 48.674)
2014-04-25 22:41:05,172 INFO [main] a.d.f.i.Main [StartupInfoLogger.java:52] Starting Main on monnia with PID 19351 (/home/daniel/local/proys/personal/foto/git/inspector/bin started by daniel)
2014-04-25 22:41:05,175 DEBUG [main] a.d.f.i.Main [StartupInfoLogger.java:55] Running with Spring Boot v1.0.1.RELEASE, Spring v4.0.3.RELEASE
2014-04-25 22:41:05,176 DEBUG [main] o.s.b.SpringApplication [SpringApplication.java:563] Loading source class ar.daf.foto.inspector.config.CoreConfig
2014-04-25 22:41:05,419 INFO [main] o.s.b.c.e.AnnotationConfigEmbeddedWebApplicationContext [AbstractApplicationContext.java:513] Refreshing org.springframework.boot.context.embedded.AnnotationConfigEmbeddedWebApplicationContext@18b3c498: startup date [Fri Apr 25 22:41:05 ART 2014]; root of context hierarchy
2014-04-25 22:41:05,423 DEBUG [main] o.s.b.c.e.AnnotationConfigEmbeddedWebApplicationContext [AbstractApplicationContext.java:543] Bean factory for org.springframework.boot.context.embedded.AnnotationConfigEmbeddedWebApplicationContext@18b3c498: org.springframework.beans.factory.support.DefaultListableBeanFactory@5e2091d3: defining beans [org.springframework.context.annotation.internalConfigurationAnnotationProcessor,org.springframework.context.annotation.internalAutowiredAnnotationProcessor,org.springframework.context.annotation.internalRequiredAnnotationProcessor,org.springframework.context.annotation.internalCommonAnnotationProcessor,org.springframework.context.annotation.internalPersistenceAnnotationProcessor,coreConfig]; root of factory hierarchy
2014-04-25 22:41:06,310 INFO [main] o.h.v.i.u.Version [Version.java:27] HV000001: Hibernate Validator 5.1.0.Final
