2014-04-25 22:17:40,993 INFO [main] a.d.f.i.Main [StartupInfoLogger.java:52] Starting Main on monnia with PID 11414 (/home/daniel/local/proys/personal/foto/git/inspector/bin started by daniel)
2014-04-25 22:17:40,997 DEBUG [main] a.d.f.i.Main [StartupInfoLogger.java:55] Running with Spring Boot v1.0.1.RELEASE, Spring v4.0.3.RELEASE
2014-04-25 22:17:40,997 DEBUG [main] o.s.b.SpringApplication [SpringApplication.java:563] Loading source class ar.daf.foto.inspector.config.CoreConfig
2014-04-25 22:17:41,312 INFO [main] o.s.b.c.e.AnnotationConfigEmbeddedWebApplicationContext [AbstractApplicationContext.java:513] Refreshing org.springframework.boot.context.embedded.AnnotationConfigEmbeddedWebApplicationContext@51854dc0: startup date [Fri Apr 25 22:17:41 ART 2014]; root of context hierarchy
2014-04-25 22:17:41,315 DEBUG [main] o.s.b.c.e.AnnotationConfigEmbeddedWebApplicationContext [AbstractApplicationContext.java:543] Bean factory for org.springframework.boot.context.embedded.AnnotationConfigEmbeddedWebApplicationContext@51854dc0: org.springframework.beans.factory.support.DefaultListableBeanFactory@79513c2b: defining beans [org.springframework.context.annotation.internalConfigurationAnnotationProcessor,org.springframework.context.annotation.internalAutowiredAnnotationProcessor,org.springframework.context.annotation.internalRequiredAnnotationProcessor,org.springframework.context.annotation.internalCommonAnnotationProcessor,org.springframework.context.annotation.internalPersistenceAnnotationProcessor,coreConfig]; root of factory hierarchy
2014-04-25 22:17:44,097 INFO [main] o.h.v.i.u.Version [Version.java:27] HV000001: Hibernate Validator 5.1.0.Final
2014-04-25 22:18:27,543 INFO [main] o.s.c.s.PostProcessorRegistrationDelegate$BeanPostProcessorChecker [PostProcessorRegistrationDelegate.java:309] Bean 'coreConfig' of type [class ar.daf.foto.inspector.config.CoreConfig$$EnhancerBySpringCGLIB$$4089539f] is not eligible for getting processed by all BeanPostProcessors (for example: not eligible for auto-proxying)
2014-04-25 22:18:27,642 INFO [main] o.s.c.s.PostProcessorRegistrationDelegate$BeanPostProcessorChecker [PostProcessorRegistrationDelegate.java:309] Bean 'org.springframework.transaction.annotation.ProxyTransactionManagementConfiguration' of type [class org.springframework.transaction.annotation.ProxyTransactionManagementConfiguration$$EnhancerBySpringCGLIB$$12d4b96c] is not eligible for getting processed by all BeanPostProcessors (for example: not eligible for auto-proxying)
2014-04-25 22:18:27,667 INFO [main] o.s.c.s.PostProcessorRegistrationDelegate$BeanPostProcessorChecker [PostProcessorRegistrationDelegate.java:309] Bean 'transactionAttributeSource' of type [class org.springframework.transaction.annotation.AnnotationTransactionAttributeSource] is not eligible for getting processed by all BeanPostProcessors (for example: not eligible for auto-proxying)
2014-04-25 22:18:27,681 INFO [main] o.s.c.s.PostProcessorRegistrationDelegate$BeanPostProcessorChecker [PostProcessorRegistrationDelegate.java:309] Bean 'transactionInterceptor' of type [class org.springframework.transaction.interceptor.TransactionInterceptor] is not eligible for getting processed by all BeanPostProcessors (for example: not eligible for auto-proxying)
2014-04-25 22:18:27,688 INFO [main] o.s.c.s.PostProcessorRegistrationDelegate$BeanPostProcessorChecker [PostProcessorRegistrationDelegate.java:309] Bean 'org.springframework.transaction.config.internalTransactionAdvisor' of type [class org.springframework.transaction.interceptor.BeanFactoryTransactionAttributeSourceAdvisor] is not eligible for getting processed by all BeanPostProcessors (for example: not eligible for auto-proxying)
2014-04-25 22:18:27,693 DEBUG [main] o.s.b.c.e.AnnotationConfigEmbeddedWebApplicationContext [AbstractApplicationContext.java:649] Unable to locate MessageSource with name 'messageSource': using default [org.springframework.context.support.DelegatingMessageSource@455a3ac0]
2014-04-25 22:18:27,693 DEBUG [main] o.s.b.c.e.AnnotationConfigEmbeddedWebApplicationContext [AbstractApplicationContext.java:666] Using ApplicationEventMulticaster [org.springframework.context.event.SimpleApplicationEventMulticaster@26c736d2]
2014-04-25 22:18:28,133 DEBUG [main] o.s.b.c.e.t.TomcatEmbeddedServletContainerFactory [AbstractEmbeddedServletContainerFactory.java:96] Code archive: /home/daniel/.gradle/caches/modules-2/files-2.1/org.springframework.boot/spring-boot/1.0.1.RELEASE/c2156bf828dbab62811b73f9844abdabaa98680a/spring-boot-1.0.1.RELEASE.jar
2014-04-25 22:18:28,133 DEBUG [main] o.s.b.c.e.t.TomcatEmbeddedServletContainerFactory [AbstractEmbeddedServletContainerFactory.java:83] Code archive: /home/daniel/.gradle/caches/modules-2/files-2.1/org.springframework.boot/spring-boot/1.0.1.RELEASE/c2156bf828dbab62811b73f9844abdabaa98680a/spring-boot-1.0.1.RELEASE.jar
2014-04-25 22:18:28,134 DEBUG [main] o.s.b.c.e.t.TomcatEmbeddedServletContainerFactory [AbstractEmbeddedServletContainerFactory.java:70] None of the document roots [src/main/webapp, public, static] point to a directory and will be ignored.
2014-04-25 22:18:28,172 INFO [main] o.s.b.c.e.t.TomcatEmbeddedServletContainerFactory [TomcatEmbeddedServletContainerFactory.java:144] Server initialized with port: 9080
2014-04-25 22:18:28,452 INFO [main] o.a.c.h.Http11NioProtocol [DirectJDKLog.java:183] Initializing ProtocolHandler ["http-nio-0.0.0.0-9080"]
2014-04-25 22:18:28,462 INFO [main] o.a.c.c.StandardService [DirectJDKLog.java:183] Starting service Tomcat
2014-04-25 22:18:28,462 INFO [main] o.a.c.c.StandardEngine [DirectJDKLog.java:183] Starting Servlet Engine: Apache Tomcat/7.0.52
2014-04-25 22:18:28,613 INFO [localhost-startStop-1] o.a.c.c.C.[.[.[/fotos] [DirectJDKLog.java:183] Initializing Spring embedded WebApplicationContext
2014-04-25 22:18:28,613 INFO [localhost-startStop-1] o.s.w.c.ContextLoader [EmbeddedWebApplicationContext.java:337] Root WebApplicationContext: initialization completed in 47301 ms
2014-04-25 22:18:29,361 INFO [localhost-startStop-1] o.s.b.c.e.ServletRegistrationBean [ServletRegistrationBean.java:161] Mapping servlet: 'dispatcherServlet' to [/]
2014-04-25 22:18:29,365 INFO [localhost-startStop-1] o.s.b.c.e.FilterRegistrationBean [FilterRegistrationBean.java:262] Mapping filter: 'hiddenHttpMethodFilter' to: [/*]
2014-04-25 22:18:29,562 INFO [main] o.a.c.h.Http11NioProtocol [DirectJDKLog.java:183] Starting ProtocolHandler ["http-nio-0.0.0.0-9080"]
2014-04-25 22:18:29,592 INFO [main] o.a.t.u.n.NioSelectorPool [DirectJDKLog.java:183] Using a shared selector for servlet write/read
2014-04-25 22:18:29,607 INFO [main] o.a.c.h.Http11NioProtocol [DirectJDKLog.java:183] Stopping ProtocolHandler ["http-nio-0.0.0.0-9080"]
2014-04-25 22:18:30,390 INFO [main] o.h.a.c.Version [JavaReflectionManager.java:66] HCANN000001: Hibernate Commons Annotations {4.0.4.Final}
2014-04-25 22:18:30,402 INFO [main] o.h.Version [Version.java:54] HHH000412: Hibernate Core {4.3.5.Final}
2014-04-25 22:18:30,405 INFO [main] o.h.c.Environment [Environment.java:239] HHH000206: hibernate.properties not found
2014-04-25 22:18:30,407 INFO [main] o.h.c.Environment [Environment.java:346] HHH000021: Bytecode provider name : javassist
2014-04-25 22:18:30,703 INFO [main] o.h.d.Dialect [Dialect.java:145] HHH000400: Using dialect: org.hibernate.dialect.HSQLDialect
2014-04-25 22:18:30,924 INFO [main] o.h.e.t.i.TransactionFactoryInitiator [TransactionFactoryInitiator.java:62] HHH000399: Using default transaction strategy (direct JDBC transactions)
2014-04-25 22:18:30,930 INFO [main] o.h.h.i.a.ASTQueryTranslatorFactory [ASTQueryTranslatorFactory.java:47] HHH000397: Using ASTQueryTranslatorFactory
2014-04-25 22:18:31,349 INFO [main] o.h.t.h.SchemaExport [SchemaExport.java:343] HHH000227: Running hbm2ddl schema export
2014-04-25 22:18:31,353 ERROR [main] o.h.t.h.SchemaExport [SchemaExport.java:425] HHH000389: Unsuccessful: alter table ALBUM drop constraint FK_m9c8fa66u7e6iy2g1x43ouj52
2014-04-25 22:18:31,354 ERROR [main] o.h.t.h.SchemaExport [SchemaExport.java:426] usuario no tiene privilegios suficientes o objeto no encontrado: PUBLIC.ALBUM
2014-04-25 22:18:31,354 ERROR [main] o.h.t.h.SchemaExport [SchemaExport.java:425] HHH000389: Unsuccessful: alter table IMAGEN drop constraint FK_10xys0pvqrojhfa3qanmyndqw
2014-04-25 22:18:31,354 ERROR [main] o.h.t.h.SchemaExport [SchemaExport.java:426] usuario no tiene privilegios suficientes o objeto no encontrado: PUBLIC.IMAGEN
2014-04-25 22:18:31,364 INFO [main] o.h.t.h.SchemaExport [SchemaExport.java:405] HHH000230: Schema export complete
2014-04-25 22:19:33,061 INFO [main] a.d.f.i.s.DirectoryScannerImpl [DirectoryScannerImpl.java:56] HOME_DIR='/home/daniel'
2014-04-25 22:19:33,361 INFO [main] a.d.f.i.s.DirectoryScannerImpl [DirectoryScannerImpl.java:57] CONFIG_DIR='.inspectorAlbum'
2014-04-25 22:19:34,284 INFO [main] a.d.f.i.s.DirectoryScannerImpl [DirectoryScannerImpl.java:58] CONFIG_FILE='inspectorConfig'
2014-04-25 22:20:03,686 WARN [main] a.d.f.i.s.DirectoryScannerImpl [DirectoryScannerImpl.java:70] Archivo de configuracion no existe.
2014-04-25 22:20:05,308 DEBUG [main] a.d.f.i.s.DirectoryScannerImpl [DirectoryScannerImpl.java:73] Persistiendo configuracion cargda.
